TN:
SF:src/utils/uploadOptimizer.js
FN:7,(anonymous_0)
FN:27,(anonymous_1)
FN:43,(anonymous_2)
FN:57,(anonymous_3)
FN:88,(anonymous_4)
FN:100,(anonymous_5)
FN:107,(anonymous_6)
FN:126,(anonymous_7)
FN:145,(anonymous_8)
FN:150,(anonymous_9)
FN:154,(anonymous_10)
FN:198,(anonymous_11)
FN:200,(anonymous_12)
FN:206,(anonymous_13)
FN:207,(anonymous_14)
FN:213,(anonymous_15)
FN:220,(anonymous_16)
FN:223,(anonymous_17)
FN:239,(anonymous_18)
FN:253,(anonymous_19)
FN:253,(anonymous_20)
FN:254,(anonymous_21)
FN:266,(anonymous_22)
FN:277,(anonymous_23)
FN:302,(anonymous_24)
FN:316,(anonymous_25)
FN:339,(anonymous_26)
FN:340,(anonymous_27)
FN:346,(anonymous_28)
FN:365,(anonymous_29)
FN:366,(anonymous_30)
FN:369,(anonymous_31)
FN:371,(anonymous_32)
FN:391,(anonymous_33)
FN:407,(anonymous_34)
FN:413,(anonymous_35)
FN:414,(anonymous_36)
FN:424,(anonymous_37)
FNF:38
FNH:38
FNDA:65,(anonymous_0)
FNDA:30,(anonymous_1)
FNDA:29,(anonymous_2)
FNDA:1908,(anonymous_3)
FNDA:86,(anonymous_4)
FNDA:31,(anonymous_5)
FNDA:78,(anonymous_6)
FNDA:22,(anonymous_7)
FNDA:188,(anonymous_8)
FNDA:1829,(anonymous_9)
FNDA:1829,(anonymous_10)
FNDA:2,(anonymous_11)
FNDA:5,(anonymous_12)
FNDA:47,(anonymous_13)
FNDA:3664,(anonymous_14)
FNDA:24,(anonymous_15)
FNDA:8,(anonymous_16)
FNDA:11,(anonymous_17)
FNDA:29,(anonymous_18)
FNDA:11,(anonymous_19)
FNDA:5,(anonymous_20)
FNDA:11,(anonymous_21)
FNDA:8,(anonymous_22)
FNDA:1838,(anonymous_23)
FNDA:1840,(anonymous_24)
FNDA:1990,(anonymous_25)
FNDA:73,(anonymous_26)
FNDA:73,(anonymous_27)
FNDA:4,(anonymous_28)
FNDA:9,(anonymous_29)
FNDA:9,(anonymous_30)
FNDA:8,(anonymous_31)
FNDA:9,(anonymous_32)
FNDA:3,(anonymous_33)
FNDA:24,(anonymous_34)
FNDA:195,(anonymous_35)
FNDA:195,(anonymous_36)
FNDA:195,(anonymous_37)
DA:8,65
DA:9,65
DA:10,65
DA:11,65
DA:12,65
DA:13,65
DA:16,65
DA:17,65
DA:18,65
DA:28,30
DA:29,11
DA:31,19
DA:32,13
DA:34,6
DA:35,1
DA:37,5
DA:45,29
DA:46,2
DA:48,27
DA:49,1
DA:51,26
DA:58,1908
DA:59,1908
DA:60,1908
DA:61,1830
DA:64,1830
DA:66,1830
DA:68,78
DA:69,78
DA:71,78
DA:72,73
DA:73,73
DA:75,73
DA:76,73
DA:80,5
DA:81,5
DA:89,86
DA:90,86
DA:98,86
DA:100,31
DA:108,78
DA:111,78
DA:112,78
DA:115,78
DA:117,37
DA:120,78
DA:127,22
DA:128,22
DA:130,22
DA:132,22
DA:133,22
DA:134,22
DA:137,22
DA:138,22
DA:139,188
DA:143,22
DA:145,22
DA:146,188
DA:148,188
DA:149,188
DA:150,1829
DA:154,188
DA:155,1829
DA:156,1828
DA:158,1
DA:163,1829
DA:166,1829
DA:167,7
DA:177,188
DA:181,22
DA:183,22
DA:200,5
DA:207,3664
DA:214,24
DA:221,8
DA:223,8
DA:224,11
DA:232,11
DA:233,2
DA:234,2
DA:238,11
DA:239,29
DA:240,3
DA:241,3
DA:245,11
DA:246,2
DA:247,2
DA:250,11
DA:253,11
DA:254,11
DA:256,8
DA:267,8
DA:268,7
DA:269,7
DA:270,7
DA:271,7
DA:278,1838
DA:289,1838
DA:294,1838
DA:295,1838
DA:303,1840
DA:304,1840
DA:305,1840
DA:306,1840
DA:307,0
DA:309,0
DA:317,1990
DA:318,1990
DA:319,1990
DA:320,1990
DA:321,1990
DA:322,1990
DA:325,0
DA:326,0
DA:328,0
DA:329,0
DA:340,73
DA:347,4
DA:348,4
DA:349,4
DA:350,4
DA:351,4
DA:352,4
DA:353,0
DA:355,0
DA:361,4
DA:362,1
DA:365,9
DA:366,9
DA:368,3
DA:369,8
DA:371,9
DA:373,3
DA:384,0
DA:392,3
DA:393,3
DA:394,3
DA:395,3
DA:396,3
DA:399,0
DA:408,24
DA:409,24
DA:410,24
DA:414,195
DA:415,195
DA:416,25
DA:417,25
DA:419,170
DA:425,195
DA:426,195
DA:427,170
DA:428,170
DA:429,170
LF:153
LH:143
BRDA:17,0,0,65
BRDA:17,0,1,0
BRDA:17,1,0,65
BRDA:17,1,1,65
BRDA:17,1,2,65
BRDA:28,2,0,11
BRDA:28,2,1,19
BRDA:31,3,0,13
BRDA:31,3,1,6
BRDA:34,4,0,1
BRDA:34,4,1,5
BRDA:45,5,0,2
BRDA:45,5,1,27
BRDA:48,6,0,1
BRDA:48,6,1,26
BRDA:57,7,0,1835
BRDA:69,8,0,78
BRDA:69,8,1,76
BRDA:71,9,0,73
BRDA:71,9,1,5
BRDA:99,10,0,86
BRDA:99,10,1,12
BRDA:115,11,0,37
BRDA:115,11,1,41
BRDA:155,12,0,1828
BRDA:155,12,1,1
BRDA:166,13,0,7
BRDA:166,13,1,1822
BRDA:214,14,0,23
BRDA:214,14,1,1
BRDA:232,15,0,2
BRDA:232,15,1,9
BRDA:239,16,0,3
BRDA:239,16,1,8
BRDA:245,17,0,2
BRDA:245,17,1,9
BRDA:267,18,0,1
BRDA:267,18,1,7
BRDA:277,19,0,1832
BRDA:294,20,0,1838
BRDA:294,20,1,0
BRDA:304,21,0,0
BRDA:304,21,1,1840
BRDA:304,22,0,1840
BRDA:304,22,1,1839
BRDA:305,23,0,0
BRDA:305,23,1,1840
BRDA:305,24,0,1840
BRDA:305,24,1,1840
BRDA:306,25,0,1840
BRDA:306,25,1,0
BRDA:306,26,0,1840
BRDA:306,26,1,1840
BRDA:306,26,2,1840
BRDA:318,27,0,1990
BRDA:318,27,1,0
BRDA:319,28,0,1990
BRDA:319,28,1,14
BRDA:325,29,0,0
BRDA:325,29,1,0
BRDA:350,30,0,4
BRDA:350,30,1,0
BRDA:351,31,0,4
BRDA:351,31,1,1
BRDA:353,32,0,0
BRDA:353,32,1,0
BRDA:361,33,0,1
BRDA:361,33,1,3
BRDA:368,34,0,3
BRDA:368,34,1,0
BRDA:394,35,0,3
BRDA:394,35,1,0
BRDA:394,36,0,3
BRDA:394,36,1,3
BRDA:415,37,0,25
BRDA:415,37,1,170
BRDA:426,38,0,170
BRDA:426,38,1,25
BRF:78
BRH:65
end_of_record
