TN:
SF:src/utils/uploadOptimizer.js
FN:8,(anonymous_0)
FN:35,(anonymous_1)
FN:46,(anonymous_2)
FN:60,(anonymous_3)
FN:91,(anonymous_4)
FN:103,(anonymous_5)
FN:110,(anonymous_6)
FN:130,(anonymous_7)
FN:160,(anonymous_8)
FN:182,(anonymous_9)
FN:187,(anonymous_10)
FN:190,(anonymous_11)
FN:199,(anonymous_12)
FN:204,(anonymous_13)
FN:208,(anonymous_14)
FN:261,(anonymous_15)
FN:262,(anonymous_16)
FN:268,(anonymous_17)
FN:275,(anonymous_18)
FN:278,(anonymous_19)
FN:294,(anonymous_20)
FN:308,(anonymous_21)
FN:308,(anonymous_22)
FN:309,(anonymous_23)
FN:321,(anonymous_24)
FN:332,(anonymous_25)
FN:357,(anonymous_26)
FN:371,(anonymous_27)
FN:394,(anonymous_28)
FN:395,(anonymous_29)
FN:401,(anonymous_30)
FN:420,(anonymous_31)
FN:421,(anonymous_32)
FN:424,(anonymous_33)
FN:426,(anonymous_34)
FN:446,(anonymous_35)
FN:462,(anonymous_36)
FN:468,(anonymous_37)
FN:469,(anonymous_38)
FN:479,(anonymous_39)
FNF:40
FNH:39
FNDA:63,(anonymous_0)
FNDA:30,(anonymous_1)
FNDA:29,(anonymous_2)
FNDA:1899,(anonymous_3)
FNDA:77,(anonymous_4)
FNDA:31,(anonymous_5)
FNDA:69,(anonymous_6)
FNDA:0,(anonymous_7)
FNDA:22,(anonymous_8)
FNDA:188,(anonymous_9)
FNDA:158,(anonymous_10)
FNDA:188,(anonymous_11)
FNDA:188,(anonymous_12)
FNDA:1829,(anonymous_13)
FNDA:1829,(anonymous_14)
FNDA:47,(anonymous_15)
FNDA:3664,(anonymous_16)
FNDA:24,(anonymous_17)
FNDA:8,(anonymous_18)
FNDA:11,(anonymous_19)
FNDA:29,(anonymous_20)
FNDA:11,(anonymous_21)
FNDA:5,(anonymous_22)
FNDA:11,(anonymous_23)
FNDA:8,(anonymous_24)
FNDA:1838,(anonymous_25)
FNDA:1840,(anonymous_26)
FNDA:1990,(anonymous_27)
FNDA:64,(anonymous_28)
FNDA:64,(anonymous_29)
FNDA:4,(anonymous_30)
FNDA:9,(anonymous_31)
FNDA:9,(anonymous_32)
FNDA:8,(anonymous_33)
FNDA:9,(anonymous_34)
FNDA:3,(anonymous_35)
FNDA:2,(anonymous_36)
FNDA:7,(anonymous_37)
FNDA:7,(anonymous_38)
FNDA:7,(anonymous_39)
DA:9,63
DA:10,63
DA:11,63
DA:12,63
DA:13,63
DA:14,63
DA:15,63
DA:16,63
DA:19,63
DA:20,63
DA:21,63
DA:36,30
DA:37,23
DA:40,7
DA:48,29
DA:49,2
DA:51,27
DA:52,1
DA:54,26
DA:61,1899
DA:62,1899
DA:63,1899
DA:64,1830
DA:67,1830
DA:69,1830
DA:71,69
DA:72,69
DA:74,69
DA:75,64
DA:76,64
DA:78,64
DA:79,64
DA:83,5
DA:84,5
DA:92,77
DA:93,77
DA:101,77
DA:103,31
DA:111,69
DA:114,69
DA:115,69
DA:118,69
DA:120,31
DA:123,69
DA:131,0
DA:133,0
DA:135,0
DA:136,0
DA:138,0
DA:144,0
DA:146,0
DA:148,0
DA:149,0
DA:150,0
DA:152,0
DA:153,0
DA:162,22
DA:163,22
DA:165,22
DA:167,22
DA:168,22
DA:169,22
DA:172,22
DA:173,22
DA:174,188
DA:178,22
DA:179,22
DA:183,188
DA:184,30
DA:185,30
DA:187,158
DA:188,158
DA:191,188
DA:192,188
DA:193,158
DA:194,158
DA:199,22
DA:200,188
DA:202,188
DA:203,188
DA:204,1829
DA:208,188
DA:209,1829
DA:210,1828
DA:212,1828
DA:213,0
DA:217,1
DA:218,1
DA:219,1
DA:224,1829
DA:227,1829
DA:228,7
DA:238,188
DA:242,22
DA:244,22
DA:262,3664
DA:269,24
DA:276,8
DA:278,8
DA:279,11
DA:287,11
DA:288,2
DA:289,2
DA:293,11
DA:294,29
DA:295,3
DA:296,3
DA:300,11
DA:301,2
DA:302,2
DA:305,11
DA:308,11
DA:309,11
DA:311,8
DA:322,8
DA:323,7
DA:324,7
DA:325,7
DA:326,7
DA:333,1838
DA:349,1838
DA:350,1838
DA:358,1840
DA:359,1840
DA:360,1840
DA:361,1840
DA:362,0
DA:364,0
DA:372,1990
DA:373,1990
DA:374,1990
DA:375,1990
DA:376,1990
DA:377,1990
DA:380,0
DA:381,0
DA:383,0
DA:384,0
DA:395,64
DA:402,4
DA:403,4
DA:404,4
DA:405,4
DA:406,4
DA:407,4
DA:408,0
DA:410,0
DA:416,4
DA:417,1
DA:420,9
DA:421,9
DA:423,3
DA:424,8
DA:426,9
DA:428,3
DA:439,0
DA:447,3
DA:448,3
DA:449,3
DA:450,0
DA:451,0
DA:454,3
DA:463,2
DA:464,2
DA:465,2
DA:469,7
DA:470,7
DA:471,3
DA:472,3
DA:474,4
DA:480,7
DA:481,7
DA:482,4
DA:483,4
DA:484,4
LF:175
LH:151
BRDA:20,0,0,63
BRDA:20,0,1,0
BRDA:20,1,0,63
BRDA:20,1,1,63
BRDA:20,1,2,63
BRDA:36,2,0,23
BRDA:36,2,1,7
BRDA:48,3,0,2
BRDA:48,3,1,27
BRDA:51,4,0,1
BRDA:51,4,1,26
BRDA:60,5,0,1835
BRDA:72,6,0,69
BRDA:72,6,1,67
BRDA:74,7,0,64
BRDA:74,7,1,5
BRDA:102,8,0,77
BRDA:102,8,1,12
BRDA:118,9,0,31
BRDA:118,9,1,38
BRDA:131,10,0,0
BRDA:131,10,1,0
BRDA:135,11,0,0
BRDA:135,11,1,0
BRDA:139,12,0,0
BRDA:139,12,1,0
BRDA:144,13,0,0
BRDA:144,13,1,0
BRDA:146,14,0,0
BRDA:146,14,1,0
BRDA:150,15,0,0
BRDA:150,15,1,0
BRDA:150,16,0,0
BRDA:150,16,1,0
BRDA:183,17,0,30
BRDA:183,17,1,158
BRDA:192,18,0,158
BRDA:192,18,1,30
BRDA:192,19,0,188
BRDA:192,19,1,158
BRDA:209,20,0,1828
BRDA:209,20,1,1
BRDA:212,21,0,0
BRDA:212,21,1,1828
BRDA:227,22,0,7
BRDA:227,22,1,1822
BRDA:269,23,0,23
BRDA:269,23,1,1
BRDA:287,24,0,2
BRDA:287,24,1,9
BRDA:294,25,0,3
BRDA:294,25,1,8
BRDA:300,26,0,2
BRDA:300,26,1,9
BRDA:322,27,0,1
BRDA:322,27,1,7
BRDA:332,28,0,1832
BRDA:349,29,0,1838
BRDA:349,29,1,0
BRDA:359,30,0,0
BRDA:359,30,1,1840
BRDA:359,31,0,1840
BRDA:359,31,1,1839
BRDA:360,32,0,0
BRDA:360,32,1,1840
BRDA:360,33,0,1840
BRDA:360,33,1,1840
BRDA:361,34,0,1840
BRDA:361,34,1,0
BRDA:361,35,0,1840
BRDA:361,35,1,1840
BRDA:361,35,2,1840
BRDA:373,36,0,1990
BRDA:373,36,1,0
BRDA:374,37,0,1990
BRDA:374,37,1,14
BRDA:380,38,0,0
BRDA:380,38,1,0
BRDA:405,39,0,4
BRDA:405,39,1,0
BRDA:406,40,0,4
BRDA:406,40,1,1
BRDA:408,41,0,0
BRDA:408,41,1,0
BRDA:416,42,0,1
BRDA:416,42,1,3
BRDA:423,43,0,3
BRDA:423,43,1,0
BRDA:449,44,0,0
BRDA:449,44,1,3
BRDA:449,45,0,3
BRDA:449,45,1,3
BRDA:470,46,0,3
BRDA:470,46,1,4
BRDA:481,47,0,4
BRDA:481,47,1,3
BRF:96
BRH:68
end_of_record
